<?xml version="1.0" encoding="UTF-8"?>
<testsuite xmlns:xsi="http://www.w3.org/2001/XMLSchema-instance" xsi:noNamespaceSchemaLocation="https://maven.apache.org/surefire/maven-surefire-plugin/xsd/surefire-test-report.xsd" version="3.0.2" name="com.company.Pos_System.repository.UserRepositoryTest" time="1.576" tests="6" errors="0" skipped="0" failures="0">
  <properties>
    <property name="java.specification.version" value="17"/>
    <property name="sun.jnu.encoding" value="UTF-8"/>
    <property name="java.class.path" value="/home/bobur/IdeaProjects/Pos-System/target/test-classes:/home/bobur/IdeaProjects/Pos-System/target/classes:/home/bobur/.m2/repository/org/springframework/boot/spring-boot-starter-data-jpa/3.3.9/spring-boot-starter-data-jpa-3.3.9.jar:/home/bobur/.m2/repository/org/springframework/boot/spring-boot-starter-aop/3.3.9/spring-boot-starter-aop-3.3.9.jar:/home/bobur/.m2/repository/org/aspectj/aspectjweaver/1.9.22.1/aspectjweaver-1.9.22.1.jar:/home/bobur/.m2/repository/org/springframework/boot/spring-boot-starter-jdbc/3.3.9/spring-boot-starter-jdbc-3.3.9.jar:/home/bobur/.m2/repository/com/zaxxer/HikariCP/5.1.0/HikariCP-5.1.0.jar:/home/bobur/.m2/repository/org/springframework/spring-jdbc/6.1.17/spring-jdbc-6.1.17.jar:/home/bobur/.m2/repository/org/hibernate/orm/hibernate-core/6.5.3.Final/hibernate-core-6.5.3.Final.jar:/home/bobur/.m2/repository/jakarta/persistence/jakarta.persistence-api/3.1.0/jakarta.persistence-api-3.1.0.jar:/home/bobur/.m2/repository/jakarta/transaction/jakarta.transaction-api/2.0.1/jakarta.transaction-api-2.0.1.jar:/home/bobur/.m2/repository/org/jboss/logging/jboss-logging/3.5.3.Final/jboss-logging-3.5.3.Final.jar:/home/bobur/.m2/repository/org/hibernate/common/hibernate-commons-annotations/6.0.6.Final/hibernate-commons-annotations-6.0.6.Final.jar:/home/bobur/.m2/repository/io/smallrye/jandex/3.1.2/jandex-3.1.2.jar:/home/bobur/.m2/repository/com/fasterxml/classmate/1.7.0/classmate-1.7.0.jar:/home/bobur/.m2/repository/org/glassfish/jaxb/jaxb-runtime/4.0.5/jaxb-runtime-4.0.5.jar:/home/bobur/.m2/repository/org/glassfish/jaxb/jaxb-core/4.0.5/jaxb-core-4.0.5.jar:/home/bobur/.m2/repository/org/eclipse/angus/angus-activation/2.0.2/angus-activation-2.0.2.jar:/home/bobur/.m2/repository/org/glassfish/jaxb/txw2/4.0.5/txw2-4.0.5.jar:/home/bobur/.m2/repository/com/sun/istack/istack-commons-runtime/4.1.2/istack-commons-runtime-4.1.2.jar:/home/bobur/.m2/repository/jakarta/inject/jakarta.inject-api/2.0.1/jakarta.inject-api-2.0.1.jar:/home/bobur/.m2/repository/org/antlr/antlr4-runtime/4.13.0/antlr4-runtime-4.13.0.jar:/home/bobur/.m2/repository/org/springframework/data/spring-data-jpa/3.3.9/spring-data-jpa-3.3.9.jar:/home/bobur/.m2/repository/org/springframework/data/spring-data-commons/3.3.9/spring-data-commons-3.3.9.jar:/home/bobur/.m2/repository/org/springframework/spring-orm/6.1.17/spring-orm-6.1.17.jar:/home/bobur/.m2/repository/org/springframework/spring-context/6.1.17/spring-context-6.1.17.jar:/home/bobur/.m2/repository/org/springframework/spring-tx/6.1.17/spring-tx-6.1.17.jar:/home/bobur/.m2/repository/org/springframework/spring-beans/6.1.17/spring-beans-6.1.17.jar:/home/bobur/.m2/repository/jakarta/annotation/jakarta.annotation-api/2.1.1/jakarta.annotation-api-2.1.1.jar:/home/bobur/.m2/repository/org/slf4j/slf4j-api/2.0.16/slf4j-api-2.0.16.jar:/home/bobur/.m2/repository/org/springframework/spring-aspects/6.1.17/spring-aspects-6.1.17.jar:/home/bobur/.m2/repository/org/springframework/boot/spring-boot-starter-security/3.3.9/spring-boot-starter-security-3.3.9.jar:/home/bobur/.m2/repository/org/springframework/boot/spring-boot-starter/3.3.9/spring-boot-starter-3.3.9.jar:/home/bobur/.m2/repository/org/springframework/boot/spring-boot/3.3.9/spring-boot-3.3.9.jar:/home/bobur/.m2/repository/org/springframework/boot/spring-boot-autoconfigure/3.3.9/spring-boot-autoconfigure-3.3.9.jar:/home/bobur/.m2/repository/org/springframework/boot/spring-boot-starter-logging/3.3.9/spring-boot-starter-logging-3.3.9.jar:/home/bobur/.m2/repository/ch/qos/logback/logback-classic/1.5.16/logback-classic-1.5.16.jar:/home/bobur/.m2/repository/ch/qos/logback/logback-core/1.5.16/logback-core-1.5.16.jar:/home/bobur/.m2/repository/org/apache/logging/log4j/log4j-to-slf4j/2.23.1/log4j-to-slf4j-2.23.1.jar:/home/bobur/.m2/repository/org/apache/logging/log4j/log4j-api/2.23.1/log4j-api-2.23.1.jar:/home/bobur/.m2/repository/org/slf4j/jul-to-slf4j/2.0.16/jul-to-slf4j-2.0.16.jar:/home/bobur/.m2/repository/org/yaml/snakeyaml/2.2/snakeyaml-2.2.jar:/home/bobur/.m2/repository/org/springframework/spring-aop/6.1.17/spring-aop-6.1.17.jar:/home/bobur/.m2/repository/org/springframework/security/spring-security-config/6.3.7/spring-security-config-6.3.7.jar:/home/bobur/.m2/repository/org/springframework/security/spring-security-web/6.3.7/spring-security-web-6.3.7.jar:/home/bobur/.m2/repository/org/springframework/spring-expression/6.1.17/spring-expression-6.1.17.jar:/home/bobur/.m2/repository/org/springframework/boot/spring-boot-starter-web/3.3.9/spring-boot-starter-web-3.3.9.jar:/home/bobur/.m2/repository/org/springframework/boot/spring-boot-starter-json/3.3.9/spring-boot-starter-json-3.3.9.jar:/home/bobur/.m2/repository/com/fasterxml/jackson/datatype/jackson-datatype-jdk8/2.17.3/jackson-datatype-jdk8-2.17.3.jar:/home/bobur/.m2/repository/com/fasterxml/jackson/datatype/jackson-datatype-jsr310/2.17.3/jackson-datatype-jsr310-2.17.3.jar:/home/bobur/.m2/repository/com/fasterxml/jackson/module/jackson-module-parameter-names/2.17.3/jackson-module-parameter-names-2.17.3.jar:/home/bobur/.m2/repository/org/springframework/boot/spring-boot-starter-tomcat/3.3.9/spring-boot-starter-tomcat-3.3.9.jar:/home/bobur/.m2/repository/org/apache/tomcat/embed/tomcat-embed-core/10.1.36/tomcat-embed-core-10.1.36.jar:/home/bobur/.m2/repository/org/apache/tomcat/embed/tomcat-embed-el/10.1.36/tomcat-embed-el-10.1.36.jar:/home/bobur/.m2/repository/org/apache/tomcat/embed/tomcat-embed-websocket/10.1.36/tomcat-embed-websocket-10.1.36.jar:/home/bobur/.m2/repository/org/springframework/spring-web/6.1.17/spring-web-6.1.17.jar:/home/bobur/.m2/repository/io/micrometer/micrometer-observation/1.13.11/micrometer-observation-1.13.11.jar:/home/bobur/.m2/repository/io/micrometer/micrometer-commons/1.13.11/micrometer-commons-1.13.11.jar:/home/bobur/.m2/repository/org/springframework/spring-webmvc/6.1.17/spring-webmvc-6.1.17.jar:/home/bobur/.m2/repository/org/postgresql/postgresql/42.7.5/postgresql-42.7.5.jar:/home/bobur/.m2/repository/org/checkerframework/checker-qual/3.48.3/checker-qual-3.48.3.jar:/home/bobur/.m2/repository/org/projectlombok/lombok-mapstruct-binding/0.2.0/lombok-mapstruct-binding-0.2.0.jar:/home/bobur/.m2/repository/org/mapstruct/mapstruct/1.6.0.Beta1/mapstruct-1.6.0.Beta1.jar:/home/bobur/.m2/repository/org/projectlombok/lombok/1.18.24/lombok-1.18.24.jar:/home/bobur/.m2/repository/org/springframework/boot/spring-boot-starter-test/3.3.9/spring-boot-starter-test-3.3.9.jar:/home/bobur/.m2/repository/org/springframework/boot/spring-boot-test/3.3.9/spring-boot-test-3.3.9.jar:/home/bobur/.m2/repository/org/springframework/boot/spring-boot-test-autoconfigure/3.3.9/spring-boot-test-autoconfigure-3.3.9.jar:/home/bobur/.m2/repository/com/jayway/jsonpath/json-path/2.9.0/json-path-2.9.0.jar:/home/bobur/.m2/repository/jakarta/xml/bind/jakarta.xml.bind-api/4.0.2/jakarta.xml.bind-api-4.0.2.jar:/home/bobur/.m2/repository/jakarta/activation/jakarta.activation-api/2.1.3/jakarta.activation-api-2.1.3.jar:/home/bobur/.m2/repository/net/minidev/json-smart/2.5.2/json-smart-2.5.2.jar:/home/bobur/.m2/repository/net/minidev/accessors-smart/2.5.2/accessors-smart-2.5.2.jar:/home/bobur/.m2/repository/org/ow2/asm/asm/9.7.1/asm-9.7.1.jar:/home/bobur/.m2/repository/org/assertj/assertj-core/3.25.3/assertj-core-3.25.3.jar:/home/bobur/.m2/repository/org/awaitility/awaitility/4.2.2/awaitility-4.2.2.jar:/home/bobur/.m2/repository/org/hamcrest/hamcrest/2.2/hamcrest-2.2.jar:/home/bobur/.m2/repository/org/junit/jupiter/junit-jupiter/5.10.5/junit-jupiter-5.10.5.jar:/home/bobur/.m2/repository/org/mockito/mockito-junit-jupiter/5.11.0/mockito-junit-jupiter-5.11.0.jar:/home/bobur/.m2/repository/org/skyscreamer/jsonassert/1.5.3/jsonassert-1.5.3.jar:/home/bobur/.m2/repository/com/vaadin/external/google/android-json/0.0.20131108.vaadin1/android-json-0.0.20131108.vaadin1.jar:/home/bobur/.m2/repository/org/springframework/spring-core/6.1.17/spring-core-6.1.17.jar:/home/bobur/.m2/repository/org/springframework/spring-jcl/6.1.17/spring-jcl-6.1.17.jar:/home/bobur/.m2/repository/org/springframework/spring-test/6.1.17/spring-test-6.1.17.jar:/home/bobur/.m2/repository/org/xmlunit/xmlunit-core/2.9.1/xmlunit-core-2.9.1.jar:/home/bobur/.m2/repository/org/springframework/security/spring-security-test/6.3.7/spring-security-test-6.3.7.jar:/home/bobur/.m2/repository/org/springframework/security/spring-security-core/6.3.7/spring-security-core-6.3.7.jar:/home/bobur/.m2/repository/org/springframework/security/spring-security-crypto/6.3.7/spring-security-crypto-6.3.7.jar:/home/bobur/.m2/repository/org/springdoc/springdoc-openapi-starter-webmvc-ui/2.5.0/springdoc-openapi-starter-webmvc-ui-2.5.0.jar:/home/bobur/.m2/repository/org/springdoc/springdoc-openapi-starter-webmvc-api/2.5.0/springdoc-openapi-starter-webmvc-api-2.5.0.jar:/home/bobur/.m2/repository/org/springdoc/springdoc-openapi-starter-common/2.5.0/springdoc-openapi-starter-common-2.5.0.jar:/home/bobur/.m2/repository/io/swagger/core/v3/swagger-core-jakarta/2.2.21/swagger-core-jakarta-2.2.21.jar:/home/bobur/.m2/repository/org/apache/commons/commons-lang3/3.14.0/commons-lang3-3.14.0.jar:/home/bobur/.m2/repository/io/swagger/core/v3/swagger-annotations-jakarta/2.2.21/swagger-annotations-jakarta-2.2.21.jar:/home/bobur/.m2/repository/io/swagger/core/v3/swagger-models-jakarta/2.2.21/swagger-models-jakarta-2.2.21.jar:/home/bobur/.m2/repository/jakarta/validation/jakarta.validation-api/3.0.2/jakarta.validation-api-3.0.2.jar:/home/bobur/.m2/repository/com/fasterxml/jackson/dataformat/jackson-dataformat-yaml/2.17.3/jackson-dataformat-yaml-2.17.3.jar:/home/bobur/.m2/repository/org/webjars/swagger-ui/5.13.0/swagger-ui-5.13.0.jar:/home/bobur/.m2/repository/org/mockito/mockito-core/5.14.2/mockito-core-5.14.2.jar:/home/bobur/.m2/repository/net/bytebuddy/byte-buddy/1.14.19/byte-buddy-1.14.19.jar:/home/bobur/.m2/repository/net/bytebuddy/byte-buddy-agent/1.14.19/byte-buddy-agent-1.14.19.jar:/home/bobur/.m2/repository/org/objenesis/objenesis/3.3/objenesis-3.3.jar:/home/bobur/.m2/repository/io/jsonwebtoken/jjwt-api/0.11.5/jjwt-api-0.11.5.jar:/home/bobur/.m2/repository/io/jsonwebtoken/jjwt-impl/0.11.5/jjwt-impl-0.11.5.jar:/home/bobur/.m2/repository/io/jsonwebtoken/jjwt-jackson/0.11.5/jjwt-jackson-0.11.5.jar:/home/bobur/.m2/repository/com/fasterxml/jackson/core/jackson-databind/2.17.3/jackson-databind-2.17.3.jar:/home/bobur/.m2/repository/com/fasterxml/jackson/core/jackson-annotations/2.17.3/jackson-annotations-2.17.3.jar:/home/bobur/.m2/repository/com/fasterxml/jackson/core/jackson-core/2.17.3/jackson-core-2.17.3.jar:/home/bobur/.m2/repository/com/h2database/h2/2.2.224/h2-2.2.224.jar:/home/bobur/.m2/repository/org/junit/jupiter/junit-jupiter-api/5.10.5/junit-jupiter-api-5.10.5.jar:/home/bobur/.m2/repository/org/opentest4j/opentest4j/1.3.0/opentest4j-1.3.0.jar:/home/bobur/.m2/repository/org/junit/platform/junit-platform-commons/1.10.5/junit-platform-commons-1.10.5.jar:/home/bobur/.m2/repository/org/apiguardian/apiguardian-api/1.1.2/apiguardian-api-1.1.2.jar:/home/bobur/.m2/repository/org/junit/jupiter/junit-jupiter-engine/5.10.5/junit-jupiter-engine-5.10.5.jar:/home/bobur/.m2/repository/org/junit/platform/junit-platform-engine/1.10.5/junit-platform-engine-1.10.5.jar:/home/bobur/.m2/repository/org/junit/jupiter/junit-jupiter-params/5.10.5/junit-jupiter-params-5.10.5.jar:"/>
    <property name="java.vm.vendor" value="Amazon.com Inc."/>
    <property name="sun.arch.data.model" value="64"/>
    <property name="java.vendor.url" value="https://aws.amazon.com/corretto/"/>
    <property name="user.timezone" value="Asia/Tashkent"/>
    <property name="org.jboss.logging.provider" value="slf4j"/>
    <property name="os.name" value="Linux"/>
    <property name="java.vm.specification.version" value="17"/>
    <property name="sun.java.launcher" value="SUN_STANDARD"/>
    <property name="user.country" value="UZ"/>
    <property name="sun.boot.library.path" value="/home/bobur/.jdks/corretto-17.0.14/lib"/>
    <property name="sun.java.command" value="/home/bobur/IdeaProjects/Pos-System/target/surefire/surefirebooter-20250512111913038_3.jar /home/bobur/IdeaProjects/Pos-System/target/surefire 2025-05-12T11-19-12_949-jvmRun1 surefire-20250512111913038_1tmp surefire_0-20250512111913038_2tmp"/>
    <property name="jdk.debug" value="release"/>
    <property name="surefire.test.class.path" value="/home/bobur/IdeaProjects/Pos-System/target/test-classes:/home/bobur/IdeaProjects/Pos-System/target/classes:/home/bobur/.m2/repository/org/springframework/boot/spring-boot-starter-data-jpa/3.3.9/spring-boot-starter-data-jpa-3.3.9.jar:/home/bobur/.m2/repository/org/springframework/boot/spring-boot-starter-aop/3.3.9/spring-boot-starter-aop-3.3.9.jar:/home/bobur/.m2/repository/org/aspectj/aspectjweaver/1.9.22.1/aspectjweaver-1.9.22.1.jar:/home/bobur/.m2/repository/org/springframework/boot/spring-boot-starter-jdbc/3.3.9/spring-boot-starter-jdbc-3.3.9.jar:/home/bobur/.m2/repository/com/zaxxer/HikariCP/5.1.0/HikariCP-5.1.0.jar:/home/bobur/.m2/repository/org/springframework/spring-jdbc/6.1.17/spring-jdbc-6.1.17.jar:/home/bobur/.m2/repository/org/hibernate/orm/hibernate-core/6.5.3.Final/hibernate-core-6.5.3.Final.jar:/home/bobur/.m2/repository/jakarta/persistence/jakarta.persistence-api/3.1.0/jakarta.persistence-api-3.1.0.jar:/home/bobur/.m2/repository/jakarta/transaction/jakarta.transaction-api/2.0.1/jakarta.transaction-api-2.0.1.jar:/home/bobur/.m2/repository/org/jboss/logging/jboss-logging/3.5.3.Final/jboss-logging-3.5.3.Final.jar:/home/bobur/.m2/repository/org/hibernate/common/hibernate-commons-annotations/6.0.6.Final/hibernate-commons-annotations-6.0.6.Final.jar:/home/bobur/.m2/repository/io/smallrye/jandex/3.1.2/jandex-3.1.2.jar:/home/bobur/.m2/repository/com/fasterxml/classmate/1.7.0/classmate-1.7.0.jar:/home/bobur/.m2/repository/org/glassfish/jaxb/jaxb-runtime/4.0.5/jaxb-runtime-4.0.5.jar:/home/bobur/.m2/repository/org/glassfish/jaxb/jaxb-core/4.0.5/jaxb-core-4.0.5.jar:/home/bobur/.m2/repository/org/eclipse/angus/angus-activation/2.0.2/angus-activation-2.0.2.jar:/home/bobur/.m2/repository/org/glassfish/jaxb/txw2/4.0.5/txw2-4.0.5.jar:/home/bobur/.m2/repository/com/sun/istack/istack-commons-runtime/4.1.2/istack-commons-runtime-4.1.2.jar:/home/bobur/.m2/repository/jakarta/inject/jakarta.inject-api/2.0.1/jakarta.inject-api-2.0.1.jar:/home/bobur/.m2/repository/org/antlr/antlr4-runtime/4.13.0/antlr4-runtime-4.13.0.jar:/home/bobur/.m2/repository/org/springframework/data/spring-data-jpa/3.3.9/spring-data-jpa-3.3.9.jar:/home/bobur/.m2/repository/org/springframework/data/spring-data-commons/3.3.9/spring-data-commons-3.3.9.jar:/home/bobur/.m2/repository/org/springframework/spring-orm/6.1.17/spring-orm-6.1.17.jar:/home/bobur/.m2/repository/org/springframework/spring-context/6.1.17/spring-context-6.1.17.jar:/home/bobur/.m2/repository/org/springframework/spring-tx/6.1.17/spring-tx-6.1.17.jar:/home/bobur/.m2/repository/org/springframework/spring-beans/6.1.17/spring-beans-6.1.17.jar:/home/bobur/.m2/repository/jakarta/annotation/jakarta.annotation-api/2.1.1/jakarta.annotation-api-2.1.1.jar:/home/bobur/.m2/repository/org/slf4j/slf4j-api/2.0.16/slf4j-api-2.0.16.jar:/home/bobur/.m2/repository/org/springframework/spring-aspects/6.1.17/spring-aspects-6.1.17.jar:/home/bobur/.m2/repository/org/springframework/boot/spring-boot-starter-security/3.3.9/spring-boot-starter-security-3.3.9.jar:/home/bobur/.m2/repository/org/springframework/boot/spring-boot-starter/3.3.9/spring-boot-starter-3.3.9.jar:/home/bobur/.m2/repository/org/springframework/boot/spring-boot/3.3.9/spring-boot-3.3.9.jar:/home/bobur/.m2/repository/org/springframework/boot/spring-boot-autoconfigure/3.3.9/spring-boot-autoconfigure-3.3.9.jar:/home/bobur/.m2/repository/org/springframework/boot/spring-boot-starter-logging/3.3.9/spring-boot-starter-logging-3.3.9.jar:/home/bobur/.m2/repository/ch/qos/logback/logback-classic/1.5.16/logback-classic-1.5.16.jar:/home/bobur/.m2/repository/ch/qos/logback/logback-core/1.5.16/logback-core-1.5.16.jar:/home/bobur/.m2/repository/org/apache/logging/log4j/log4j-to-slf4j/2.23.1/log4j-to-slf4j-2.23.1.jar:/home/bobur/.m2/repository/org/apache/logging/log4j/log4j-api/2.23.1/log4j-api-2.23.1.jar:/home/bobur/.m2/repository/org/slf4j/jul-to-slf4j/2.0.16/jul-to-slf4j-2.0.16.jar:/home/bobur/.m2/repository/org/yaml/snakeyaml/2.2/snakeyaml-2.2.jar:/home/bobur/.m2/repository/org/springframework/spring-aop/6.1.17/spring-aop-6.1.17.jar:/home/bobur/.m2/repository/org/springframework/security/spring-security-config/6.3.7/spring-security-config-6.3.7.jar:/home/bobur/.m2/repository/org/springframework/security/spring-security-web/6.3.7/spring-security-web-6.3.7.jar:/home/bobur/.m2/repository/org/springframework/spring-expression/6.1.17/spring-expression-6.1.17.jar:/home/bobur/.m2/repository/org/springframework/boot/spring-boot-starter-web/3.3.9/spring-boot-starter-web-3.3.9.jar:/home/bobur/.m2/repository/org/springframework/boot/spring-boot-starter-json/3.3.9/spring-boot-starter-json-3.3.9.jar:/home/bobur/.m2/repository/com/fasterxml/jackson/datatype/jackson-datatype-jdk8/2.17.3/jackson-datatype-jdk8-2.17.3.jar:/home/bobur/.m2/repository/com/fasterxml/jackson/datatype/jackson-datatype-jsr310/2.17.3/jackson-datatype-jsr310-2.17.3.jar:/home/bobur/.m2/repository/com/fasterxml/jackson/module/jackson-module-parameter-names/2.17.3/jackson-module-parameter-names-2.17.3.jar:/home/bobur/.m2/repository/org/springframework/boot/spring-boot-starter-tomcat/3.3.9/spring-boot-starter-tomcat-3.3.9.jar:/home/bobur/.m2/repository/org/apache/tomcat/embed/tomcat-embed-core/10.1.36/tomcat-embed-core-10.1.36.jar:/home/bobur/.m2/repository/org/apache/tomcat/embed/tomcat-embed-el/10.1.36/tomcat-embed-el-10.1.36.jar:/home/bobur/.m2/repository/org/apache/tomcat/embed/tomcat-embed-websocket/10.1.36/tomcat-embed-websocket-10.1.36.jar:/home/bobur/.m2/repository/org/springframework/spring-web/6.1.17/spring-web-6.1.17.jar:/home/bobur/.m2/repository/io/micrometer/micrometer-observation/1.13.11/micrometer-observation-1.13.11.jar:/home/bobur/.m2/repository/io/micrometer/micrometer-commons/1.13.11/micrometer-commons-1.13.11.jar:/home/bobur/.m2/repository/org/springframework/spring-webmvc/6.1.17/spring-webmvc-6.1.17.jar:/home/bobur/.m2/repository/org/postgresql/postgresql/42.7.5/postgresql-42.7.5.jar:/home/bobur/.m2/repository/org/checkerframework/checker-qual/3.48.3/checker-qual-3.48.3.jar:/home/bobur/.m2/repository/org/projectlombok/lombok-mapstruct-binding/0.2.0/lombok-mapstruct-binding-0.2.0.jar:/home/bobur/.m2/repository/org/mapstruct/mapstruct/1.6.0.Beta1/mapstruct-1.6.0.Beta1.jar:/home/bobur/.m2/repository/org/projectlombok/lombok/1.18.24/lombok-1.18.24.jar:/home/bobur/.m2/repository/org/springframework/boot/spring-boot-starter-test/3.3.9/spring-boot-starter-test-3.3.9.jar:/home/bobur/.m2/repository/org/springframework/boot/spring-boot-test/3.3.9/spring-boot-test-3.3.9.jar:/home/bobur/.m2/repository/org/springframework/boot/spring-boot-test-autoconfigure/3.3.9/spring-boot-test-autoconfigure-3.3.9.jar:/home/bobur/.m2/repository/com/jayway/jsonpath/json-path/2.9.0/json-path-2.9.0.jar:/home/bobur/.m2/repository/jakarta/xml/bind/jakarta.xml.bind-api/4.0.2/jakarta.xml.bind-api-4.0.2.jar:/home/bobur/.m2/repository/jakarta/activation/jakarta.activation-api/2.1.3/jakarta.activation-api-2.1.3.jar:/home/bobur/.m2/repository/net/minidev/json-smart/2.5.2/json-smart-2.5.2.jar:/home/bobur/.m2/repository/net/minidev/accessors-smart/2.5.2/accessors-smart-2.5.2.jar:/home/bobur/.m2/repository/org/ow2/asm/asm/9.7.1/asm-9.7.1.jar:/home/bobur/.m2/repository/org/assertj/assertj-core/3.25.3/assertj-core-3.25.3.jar:/home/bobur/.m2/repository/org/awaitility/awaitility/4.2.2/awaitility-4.2.2.jar:/home/bobur/.m2/repository/org/hamcrest/hamcrest/2.2/hamcrest-2.2.jar:/home/bobur/.m2/repository/org/junit/jupiter/junit-jupiter/5.10.5/junit-jupiter-5.10.5.jar:/home/bobur/.m2/repository/org/mockito/mockito-junit-jupiter/5.11.0/mockito-junit-jupiter-5.11.0.jar:/home/bobur/.m2/repository/org/skyscreamer/jsonassert/1.5.3/jsonassert-1.5.3.jar:/home/bobur/.m2/repository/com/vaadin/external/google/android-json/0.0.20131108.vaadin1/android-json-0.0.20131108.vaadin1.jar:/home/bobur/.m2/repository/org/springframework/spring-core/6.1.17/spring-core-6.1.17.jar:/home/bobur/.m2/repository/org/springframework/spring-jcl/6.1.17/spring-jcl-6.1.17.jar:/home/bobur/.m2/repository/org/springframework/spring-test/6.1.17/spring-test-6.1.17.jar:/home/bobur/.m2/repository/org/xmlunit/xmlunit-core/2.9.1/xmlunit-core-2.9.1.jar:/home/bobur/.m2/repository/org/springframework/security/spring-security-test/6.3.7/spring-security-test-6.3.7.jar:/home/bobur/.m2/repository/org/springframework/security/spring-security-core/6.3.7/spring-security-core-6.3.7.jar:/home/bobur/.m2/repository/org/springframework/security/spring-security-crypto/6.3.7/spring-security-crypto-6.3.7.jar:/home/bobur/.m2/repository/org/springdoc/springdoc-openapi-starter-webmvc-ui/2.5.0/springdoc-openapi-starter-webmvc-ui-2.5.0.jar:/home/bobur/.m2/repository/org/springdoc/springdoc-openapi-starter-webmvc-api/2.5.0/springdoc-openapi-starter-webmvc-api-2.5.0.jar:/home/bobur/.m2/repository/org/springdoc/springdoc-openapi-starter-common/2.5.0/springdoc-openapi-starter-common-2.5.0.jar:/home/bobur/.m2/repository/io/swagger/core/v3/swagger-core-jakarta/2.2.21/swagger-core-jakarta-2.2.21.jar:/home/bobur/.m2/repository/org/apache/commons/commons-lang3/3.14.0/commons-lang3-3.14.0.jar:/home/bobur/.m2/repository/io/swagger/core/v3/swagger-annotations-jakarta/2.2.21/swagger-annotations-jakarta-2.2.21.jar:/home/bobur/.m2/repository/io/swagger/core/v3/swagger-models-jakarta/2.2.21/swagger-models-jakarta-2.2.21.jar:/home/bobur/.m2/repository/jakarta/validation/jakarta.validation-api/3.0.2/jakarta.validation-api-3.0.2.jar:/home/bobur/.m2/repository/com/fasterxml/jackson/dataformat/jackson-dataformat-yaml/2.17.3/jackson-dataformat-yaml-2.17.3.jar:/home/bobur/.m2/repository/org/webjars/swagger-ui/5.13.0/swagger-ui-5.13.0.jar:/home/bobur/.m2/repository/org/mockito/mockito-core/5.14.2/mockito-core-5.14.2.jar:/home/bobur/.m2/repository/net/bytebuddy/byte-buddy/1.14.19/byte-buddy-1.14.19.jar:/home/bobur/.m2/repository/net/bytebuddy/byte-buddy-agent/1.14.19/byte-buddy-agent-1.14.19.jar:/home/bobur/.m2/repository/org/objenesis/objenesis/3.3/objenesis-3.3.jar:/home/bobur/.m2/repository/io/jsonwebtoken/jjwt-api/0.11.5/jjwt-api-0.11.5.jar:/home/bobur/.m2/repository/io/jsonwebtoken/jjwt-impl/0.11.5/jjwt-impl-0.11.5.jar:/home/bobur/.m2/repository/io/jsonwebtoken/jjwt-jackson/0.11.5/jjwt-jackson-0.11.5.jar:/home/bobur/.m2/repository/com/fasterxml/jackson/core/jackson-databind/2.17.3/jackson-databind-2.17.3.jar:/home/bobur/.m2/repository/com/fasterxml/jackson/core/jackson-annotations/2.17.3/jackson-annotations-2.17.3.jar:/home/bobur/.m2/repository/com/fasterxml/jackson/core/jackson-core/2.17.3/jackson-core-2.17.3.jar:/home/bobur/.m2/repository/com/h2database/h2/2.2.224/h2-2.2.224.jar:/home/bobur/.m2/repository/org/junit/jupiter/junit-jupiter-api/5.10.5/junit-jupiter-api-5.10.5.jar:/home/bobur/.m2/repository/org/opentest4j/opentest4j/1.3.0/opentest4j-1.3.0.jar:/home/bobur/.m2/repository/org/junit/platform/junit-platform-commons/1.10.5/junit-platform-commons-1.10.5.jar:/home/bobur/.m2/repository/org/apiguardian/apiguardian-api/1.1.2/apiguardian-api-1.1.2.jar:/home/bobur/.m2/repository/org/junit/jupiter/junit-jupiter-engine/5.10.5/junit-jupiter-engine-5.10.5.jar:/home/bobur/.m2/repository/org/junit/platform/junit-platform-engine/1.10.5/junit-platform-engine-1.10.5.jar:/home/bobur/.m2/repository/org/junit/jupiter/junit-jupiter-params/5.10.5/junit-jupiter-params-5.10.5.jar:"/>
    <property name="sun.cpu.endian" value="little"/>
    <property name="user.home" value="/home/bobur"/>
    <property name="user.language" value="uz"/>
    <property name="java.specification.vendor" value="Oracle Corporation"/>
    <property name="java.version.date" value="2025-01-21"/>
    <property name="java.home" value="/home/bobur/.jdks/corretto-17.0.14"/>
    <property name="file.separator" value="/"/>
    <property name="basedir" value="/home/bobur/IdeaProjects/Pos-System"/>
    <property name="java.vm.compressedOopsMode" value="32-bit"/>
    <property name="line.separator" value="&#10;"/>
    <property name="java.vm.specification.vendor" value="Oracle Corporation"/>
    <property name="java.specification.name" value="Java Platform API Specification"/>
    <property name="FILE_LOG_CHARSET" value="UTF-8"/>
    <property name="java.awt.headless" value="true"/>
    <property name="surefire.real.class.path" value="/home/bobur/IdeaProjects/Pos-System/target/surefire/surefirebooter-20250512111913038_3.jar"/>
    <property name="sun.management.compiler" value="HotSpot 64-Bit Tiered Compilers"/>
    <property name="java.runtime.version" value="17.0.14+7-LTS"/>
    <property name="user.name" value="bobur"/>
    <property name="path.separator" value=":"/>
    <property name="os.version" value="6.11.0-24-generic"/>
    <property name="java.runtime.name" value="OpenJDK Runtime Environment"/>
    <property name="file.encoding" value="UTF-8"/>
    <property name="java.vm.name" value="OpenJDK 64-Bit Server VM"/>
    <property name="java.vendor.version" value="Corretto-17.0.14.7.1"/>
    <property name="localRepository" value="/home/bobur/.m2/repository"/>
    <property name="java.vendor.url.bug" value="https://github.com/corretto/corretto-17/issues/"/>
    <property name="java.io.tmpdir" value="/tmp"/>
    <property name="idea.version" value="2025.1.1.1"/>
    <property name="com.zaxxer.hikari.pool_number" value="1"/>
    <property name="java.version" value="17.0.14"/>
    <property name="user.dir" value="/home/bobur/IdeaProjects/Pos-System"/>
    <property name="os.arch" value="amd64"/>
    <property name="java.vm.specification.name" value="Java Virtual Machine Specification"/>
    <property name="PID" value="12646"/>
    <property name="CONSOLE_LOG_CHARSET" value="UTF-8"/>
    <property name="native.encoding" value="UTF-8"/>
    <property name="java.library.path" value="/usr/java/packages/lib:/usr/lib64:/lib64:/lib:/usr/lib"/>
    <property name="java.vm.info" value="mixed mode, sharing"/>
    <property name="java.vendor" value="Amazon.com Inc."/>
    <property name="java.vm.version" value="17.0.14+7-LTS"/>
    <property name="java.specification.maintenance.version" value="1"/>
    <property name="sun.io.unicode.encoding" value="UnicodeLittle"/>
    <property name="java.class.version" value="61.0"/>
    <property name="LOGGED_APPLICATION_NAME" value="[Pos-System] "/>
  </properties>
  <testcase name="findByUsernameContainingAndDeletedAtIsNull" classname="com.company.Pos_System.repository.UserRepositoryTest" time="0.233">
    <system-out><![CDATA[2025-05-12T11:19:24.747+05:00  INFO 12646 --- [Pos-System] [           main] t.c.s.AnnotationConfigContextLoaderUtils : Could not detect default configuration classes for test class [com.company.Pos_System.repository.UserRepositoryTest]: UserRepositoryTest does not declare any static, non-private, non-final, nested classes annotated with @Configuration.
2025-05-12T11:19:24.785+05:00  INFO 12646 --- [Pos-System] [           main] .b.t.c.SpringBootTestContextBootstrapper : Found @SpringBootConfiguration com.company.Pos_System.PosSystemApplication for test class com.company.Pos_System.repository.UserRepositoryTest
             ,--.          ,--.           ,---.               ,--.                               ,--.
 ,---. ,---. `--',--,--, ,-'  '-.  ,---. /  .-'  ,---. ,--,--.|  |,---.   ,---. ,--.--. ,---.  ,-|  |
| .-. | .-. |,--.|      \'-.  .-' | .-. ||  `-, (  .-'' ,-.  ||  | .-. : | .-. ||  .--'| .-. |' .-. |
| '-' ' '-' '|  ||  ||  |  |  |   ' '-' '|  .-' .-'  `) '-'  ||  \   --. | '-' '|  |   ' '-' '\ `-' |
|  |-' `---' `--'`--''--'  `--'    `---' `--'   `----' `--`--'`--'`----' |  |-' `--'    `---'  `---'
`--'
2025-05-12T11:19:24.819+05:00  INFO 12646 --- [Pos-System] [           main] c.c.P.repository.UserRepositoryTest      : Starting UserRepositoryTest using Java 17.0.14 with PID 12646 (started by bobur in /home/bobur/IdeaProjects/Pos-System)
2025-05-12T11:19:24.820+05:00  INFO 12646 --- [Pos-System] [           main] c.c.P.repository.UserRepositoryTest      : The following 1 profile is active: "prod"
2025-05-12T11:19:24.914+05:00  INFO 12646 --- [Pos-System] [           main] .s.d.r.c.RepositoryConfigurationDelegate : Bootstrapping Spring Data JPA repositories in DEFAULT mode.
2025-05-12T11:19:24.936+05:00  INFO 12646 --- [Pos-System] [           main] .s.d.r.c.RepositoryConfigurationDelegate : Finished Spring Data repository scanning in 21 ms. Found 7 JPA repository interfaces.
2025-05-12T11:19:24.957+05:00  INFO 12646 --- [Pos-System] [           main] beddedDataSourceBeanFactoryPostProcessor : Replacing 'dataSource' DataSource bean with embedded version
2025-05-12T11:19:24.996+05:00  INFO 12646 --- [Pos-System] [           main] o.s.j.d.e.EmbeddedDatabaseFactory        : Starting embedded database: url='jdbc:h2:mem:76ef3869-5093-48be-b951-54a0f1e3ec84;DB_CLOSE_DELAY=-1;DB_CLOSE_ON_EXIT=false', username='sa'
2025-05-12T11:19:25.458+05:00  INFO 12646 --- [Pos-System] [           main] o.hibernate.jpa.internal.util.LogHelper  : HHH000204: Processing PersistenceUnitInfo [name: default]
2025-05-12T11:19:25.460+05:00  INFO 12646 --- [Pos-System] [           main] o.h.c.internal.RegionFactoryInitiator    : HHH000026: Second-level cache disabled
2025-05-12T11:19:25.473+05:00  INFO 12646 --- [Pos-System] [           main] o.s.o.j.p.SpringPersistenceUnitInfo      : No LoadTimeWeaver setup: ignoring JPA class transformer
2025-05-12T11:19:25.733+05:00  INFO 12646 --- [Pos-System] [           main] o.h.e.t.j.p.i.JtaPlatformInitiator       : HHH000489: No JTA platform available (set 'hibernate.transaction.jta.platform' to enable JTA platform integration)
Hibernate: create table category (id bigint generated by default as identity, created_at timestamp(6), deleted_at timestamp(6), updated_at timestamp(6), description text not null, name varchar(255) not null, primary key (id))
Hibernate: create table order_items (id bigint generated by default as identity, created_at timestamp(6), deleted_at timestamp(6), updated_at timestamp(6), price numeric(38,2) not null, quantity numeric(38,2) not null, order_id bigint not null, product_id bigint not null, primary key (id))
Hibernate: create table orders (id bigint generated by default as identity, created_at timestamp(6), deleted_at timestamp(6), updated_at timestamp(6), status enum ('CANCELLED','COMPLETED','PENDING') not null, total numeric(38,2) not null, user_id bigint not null, warehouse_id bigint not null, primary key (id))
Hibernate: create table product_inventory (id bigint generated by default as identity, created_at timestamp(6), deleted_at timestamp(6), updated_at timestamp(6), quantity integer not null, product_id bigint, warehouse_id bigint, primary key (id))
Hibernate: create table products (id bigint generated by default as identity, created_at timestamp(6), deleted_at timestamp(6), updated_at timestamp(6), description TEXT not null, name varchar(255) not null, price numeric(38,2) not null, serial varchar(255) not null, category_id bigint not null, warehouse_id bigint not null, primary key (id))
Hibernate: create table users (id bigint generated by default as identity, created_at timestamp(6), deleted_at timestamp(6), updated_at timestamp(6), full_name varchar(255), password varchar(255), role enum ('ADMIN','MANAGER','STAFF'), username varchar(255), primary key (id))
Hibernate: create table ware_house (id bigint generated by default as identity, created_at timestamp(6), deleted_at timestamp(6), updated_at timestamp(6), location varchar(255), name varchar(255), primary key (id))
Hibernate: alter table if exists category drop constraint if exists UK46ccwnsi9409t36lurvtyljak
Hibernate: alter table if exists category add constraint UK46ccwnsi9409t36lurvtyljak unique (name)
Hibernate: alter table if exists products drop constraint if exists UKe8trcif5uq8w8oc5twpi4cu65
Hibernate: alter table if exists products add constraint UKe8trcif5uq8w8oc5twpi4cu65 unique (serial)
Hibernate: alter table if exists order_items add constraint FKbioxgbv59vetrxe0ejfubep1w foreign key (order_id) references orders
Hibernate: alter table if exists order_items add constraint FKocimc7dtr037rh4ls4l95nlfi foreign key (product_id) references products
Hibernate: alter table if exists orders add constraint FK32ql8ubntj5uh44ph9659tiih foreign key (user_id) references users
Hibernate: alter table if exists orders add constraint FKfmch72wbfb63jbethlgjopol9 foreign key (warehouse_id) references ware_house
Hibernate: alter table if exists product_inventory add constraint FK40jwyi5ktpjmllk3nvvgiy6r0 foreign key (product_id) references products
Hibernate: alter table if exists product_inventory add constraint FK33ve615em04awiog0l277u1dp foreign key (warehouse_id) references ware_house
Hibernate: alter table if exists products add constraint FK1cf90etcu98x1e6n9aks3tel3 foreign key (category_id) references category
Hibernate: alter table if exists products add constraint FKnm53lwe1q9md0j64c76nid7d9 foreign key (warehouse_id) references ware_house
2025-05-12T11:19:25.851+05:00  INFO 12646 --- [Pos-System] [           main] j.LocalContainerEntityManagerFactoryBean : Initialized JPA EntityManagerFactory for persistence unit 'default'
2025-05-12T11:19:25.993+05:00  INFO 12646 --- [Pos-System] [           main] c.c.P.repository.UserRepositoryTest      : Started UserRepositoryTest in 1.204 seconds (process running for 12.889)
Hibernate: insert into users (created_at,deleted_at,full_name,password,role,updated_at,username,id) values (?,?,?,?,?,?,?,default)
Hibernate: select u1_0.id,u1_0.created_at,u1_0.deleted_at,u1_0.full_name,u1_0.password,u1_0.role,u1_0.updated_at,u1_0.username from users u1_0 where u1_0.username like ? escape '\' and u1_0.deleted_at is null
]]></system-out>
  </testcase>
  <testcase name="findAllByDeletedAtIsNull" classname="com.company.Pos_System.repository.UserRepositoryTest" time="0.015">
    <system-out><![CDATA[Hibernate: insert into users (created_at,deleted_at,full_name,password,role,updated_at,username,id) values (?,?,?,?,?,?,?,default)
Hibernate: select u1_0.id,u1_0.created_at,u1_0.deleted_at,u1_0.full_name,u1_0.password,u1_0.role,u1_0.updated_at,u1_0.username from users u1_0 where u1_0.deleted_at is null
]]></system-out>
  </testcase>
  <testcase name="existsByUsernameAndDeletedAtIsNull" classname="com.company.Pos_System.repository.UserRepositoryTest" time="0.019">
    <system-out><![CDATA[Hibernate: insert into users (created_at,deleted_at,full_name,password,role,updated_at,username,id) values (?,?,?,?,?,?,?,default)
Hibernate: select u1_0.id from users u1_0 where u1_0.username=? and u1_0.deleted_at is null fetch first ? rows only
]]></system-out>
  </testcase>
  <testcase name="findByUsernameAndDeletedAtIsNull" classname="com.company.Pos_System.repository.UserRepositoryTest" time="0.012">
    <system-out><![CDATA[Hibernate: insert into users (created_at,deleted_at,full_name,password,role,updated_at,username,id) values (?,?,?,?,?,?,?,default)
Hibernate: select u1_0.id,u1_0.created_at,u1_0.deleted_at,u1_0.full_name,u1_0.password,u1_0.role,u1_0.updated_at,u1_0.username from users u1_0 where u1_0.username=? and u1_0.deleted_at is null
]]></system-out>
  </testcase>
  <testcase name="findByIdAndDeletedAtIsNull" classname="com.company.Pos_System.repository.UserRepositoryTest" time="0.017">
    <system-out><![CDATA[Hibernate: insert into users (created_at,deleted_at,full_name,password,role,updated_at,username,id) values (?,?,?,?,?,?,?,default)
Hibernate: select u1_0.id,u1_0.created_at,u1_0.deleted_at,u1_0.full_name,u1_0.password,u1_0.role,u1_0.updated_at,u1_0.username from users u1_0 where u1_0.id=? and u1_0.deleted_at is null
]]></system-out>
  </testcase>
  <testcase name="findByRoleAndDeletedAtIsNull" classname="com.company.Pos_System.repository.UserRepositoryTest" time="0.015">
    <system-out><![CDATA[Hibernate: insert into users (created_at,deleted_at,full_name,password,role,updated_at,username,id) values (?,?,?,?,?,?,?,default)
Hibernate: select u1_0.id,u1_0.created_at,u1_0.deleted_at,u1_0.full_name,u1_0.password,u1_0.role,u1_0.updated_at,u1_0.username from users u1_0 where u1_0.role=? and u1_0.deleted_at is null
]]></system-out>
  </testcase>
</testsuite>